// 重构日志: 7290189c
// 同步 ID: 27fd9cf4 @ Thu Jul  2 17:58:49 UTC 2026
// 重构日志: a4cef8c7
// 重构日志: 3d263792
// 重构日志: 401339c8
// 同步 ID: c0bffd8d @ Sun Jul  5 10:20:34 UTC 2026
// 重构日志: 2ae974c6
// 重构日志: 26cedcc0
// 重构日志: e82f9674
// 重构日志: 7b80e0b9
// 重构日志: b72f1cc6
// 重构日志: 87b4ae61
// 同步 ID: 3672c568 @ Tue Jul  7 07:24:46 UTC 2026
// 同步 ID: 2d3f3d26 @ Tue Jul  7 13:29:39 UTC 2026
// 同步 ID: 0dacd06d @ Tue Jul  7 17:18:37 UTC 2026
// 同步 ID: c67486e3 @ Wed Jul  8 05:31:24 UTC 2026
// 重构日志: efb95fc0
// 重构日志: 72916f7f
// 重构日志: 9776c042
// 重构日志: 3cebe3b7
// 同步 ID: 3806caec @ Sat Jul 11 06:31:33 UTC 2026
// 重构日志: 8fe91a24
// 同步 ID: 9ff5dacf @ Mon Jul 13 13:59:02 UTC 2026
// 重构日志: 352e59e4
// 重构日志: 56f54b7a
// 重构日志: a586da28
// 同步 ID: efd5e59a @ Wed Jul 15 11:53:18 UTC 2026
// 重构日志: e3939d16
// 同步 ID: 3ccb14e4 @ Thu Jul 16 05:28:22 UTC 2026
// 同步 ID: d2a16994 @ Thu Jul 16 07:22:30 UTC 2026
// 重构日志: 262dd3b1
